__main__ - INFO - Loading Telegram bot token and chat ID...
__main__ - INFO - Telegram bot token and chat ID loaded.
__main__ - INFO - Retriving temperature...
__main__ - INFO - Temperature Recieved. Temp:34.0c.
__main__ - WARNING - Temperature exceeds 20.0c
__main__ - INFO - Sending Notification to Telegram: '*WARNING - TEMPERATURE EXCEEDS 20.0c.*
TEMPERATURE IS VERY HIGH: 34.0c!'
__main__ - INFO - Notification sent to Telegram.
__main__ - INFO - Removing lock file...
__main__ - INFO - Lock file removed.
__main__ - INFO - Loading Telegram bot token and chat ID...
__main__ - INFO - Telegram bot token and chat ID loaded.
__main__ - INFO - Retriving temperature...
__main__ - INFO - Temperature Recieved. Temp:34.0c.
__main__ - WARNING - Temperature exceeds 20.0c
__main__ - INFO - Sending Notification to Telegram: '*WARNING - TEMPERATURE EXCEEDS 20.0c.*
TEMPERATURE IS VERY HIGH: 34.0c!'
__main__ - INFO - Notification sent to Telegram.
__main__ - INFO - Removing lock file...
__main__ - INFO - Lock file removed.
__main__ - INFO - Loading Telegram bot token and chat ID...
__main__ - INFO - Telegram bot token and chat ID loaded.
__main__ - INFO - Retriving temperature...
__main__ - INFO - Temperature Recieved. Temp:35.0c.
__main__ - INFO - Removing lock file...
__main__ - INFO - Lock file removed.
__main__ - INFO - Loading Telegram bot token and chat ID...
__main__ - INFO - Telegram bot token and chat ID loaded.
__main__ - INFO - Retriving temperature...
__main__ - INFO - Temperature Recieved. Temp:35.5c.
__main__ - INFO - Removing lock file...
__main__ - INFO - Lock file removed.
__main__ - INFO - Loading Telegram bot token and chat ID...
__main__ - INFO - Telegram bot token and chat ID loaded.
__main__ - INFO - Retriving temperature...
__main__ - INFO - Temperature Recieved. Temp:35.0c.
__main__ - INFO - Removing lock file...
__main__ - INFO - Lock file removed.
__main__ - INFO - Loading Telegram bot token and chat ID...
__main__ - INFO - Telegram bot token and chat ID loaded.
__main__ - INFO - Retriving temperature...
__main__ - INFO - Temperature Recieved. Temp:34.5c.
__main__ - INFO - Removing lock file...
__main__ - INFO - Lock file removed.
__main__ - INFO - Loading Telegram bot token and chat ID...
__main__ - INFO - Telegram bot token and chat ID loaded.
__main__ - INFO - Retriving temperature...
__main__ - INFO - Temperature Recieved. Temp:35.5c.
__main__ - INFO - Removing lock file...
__main__ - INFO - Lock file removed.
__main__ - INFO - Loading Telegram bot token and chat ID...
__main__ - INFO - Telegram bot token and chat ID loaded.
__main__ - INFO - Retriving temperature...
__main__ - INFO - Temperature Recieved. Temp: 35.0c.
__main__ - INFO - Removing lock file...
__main__ - INFO - Lock file removed.
__main__ - INFO - Loading Telegram bot token and chat ID...
__main__ - INFO - Telegram bot token and chat ID loaded.
__main__ - INFO - Retriving temperature...
__main__ - INFO - Temperature Recieved. Temp: 35.5c.
__main__ - INFO - Removing lock file...
__main__ - INFO - Lock file removed.
