2023-06-01 00:33:41,277 - __main__ - INFO - Loading Telegram bot token and chat id...
2023-06-01 00:33:41,278 - __main__ - INFO - Telegram bot token and chat id loaded.
2023-06-01 00:33:41,279 - __main__ - INFO - Retrieving temperature...
2023-06-01 00:33:41,292 - __main__ - INFO - Temperature Received. Temp: 35.0c.
2023-06-01 00:33:41,293 - __main__ - INFO - Temperature optimal: 35.0c.
2023-06-01 00:34:01,703 - __main__ - INFO - Loading Telegram bot token and chat id...
2023-06-01 00:34:01,704 - __main__ - INFO - Telegram bot token and chat id loaded.
2023-06-01 00:34:01,704 - __main__ - INFO - Retrieving temperature...
2023-06-01 00:34:01,716 - __main__ - INFO - Temperature Received. Temp: 35.0c.
2023-06-01 00:34:01,717 - __main__ - INFO - Temperature optimal: 35.0c.
2023-06-01 00:35:02,113 - __main__ - INFO - Loading Telegram bot token and chat id...
2023-06-01 00:35:02,114 - __main__ - INFO - Telegram bot token and chat id loaded.
2023-06-01 00:35:02,115 - __main__ - INFO - Retrieving temperature...
2023-06-01 00:35:02,127 - __main__ - INFO - Temperature Received. Temp: 35.0c.
2023-06-01 00:35:02,128 - __main__ - INFO - Temperature optimal: 35.0c.
2023-06-01 00:36:01,517 - __main__ - INFO - Loading Telegram bot token and chat id...
2023-06-01 00:36:01,518 - __main__ - INFO - Telegram bot token and chat id loaded.
2023-06-01 00:36:01,518 - __main__ - INFO - Retrieving temperature...
2023-06-01 00:36:01,530 - __main__ - INFO - Temperature Received. Temp: 36.0c.
2023-06-01 00:36:01,531 - __main__ - INFO - Temperature optimal: 36.0c.
2023-06-01 00:37:01,923 - __main__ - INFO - Loading Telegram bot token and chat id...
2023-06-01 00:37:01,924 - __main__ - INFO - Telegram bot token and chat id loaded.
2023-06-01 00:37:01,925 - __main__ - INFO - Retrieving temperature...
2023-06-01 00:37:01,937 - __main__ - INFO - Temperature Received. Temp: 33.6c.
2023-06-01 00:37:01,937 - __main__ - INFO - Temperature optimal: 33.6c.
2023-06-01 00:38:01,332 - __main__ - INFO - Loading Telegram bot token and chat id...
2023-06-01 00:38:01,333 - __main__ - INFO - Telegram bot token and chat id loaded.
2023-06-01 00:38:01,333 - __main__ - INFO - Retrieving temperature...
2023-06-01 00:38:01,345 - __main__ - INFO - Temperature Received. Temp: 34.5c.
2023-06-01 00:38:01,346 - __main__ - INFO - Temperature optimal: 34.5c.
2023-06-01 00:39:01,739 - __main__ - INFO - Loading Telegram bot token and chat id...
2023-06-01 00:39:01,740 - __main__ - INFO - Telegram bot token and chat id loaded.
2023-06-01 00:39:01,741 - __main__ - INFO - Retrieving temperature...
2023-06-01 00:39:01,753 - __main__ - INFO - Temperature Received. Temp: 34.5c.
2023-06-01 00:39:01,753 - __main__ - INFO - Temperature optimal: 34.5c.
2023-06-01 00:40:02,154 - __main__ - INFO - Loading Telegram bot token and chat id...
2023-06-01 00:40:02,155 - __main__ - INFO - Telegram bot token and chat id loaded.
2023-06-01 00:40:02,155 - __main__ - INFO - Retrieving temperature...
2023-06-01 00:40:02,168 - __main__ - INFO - Temperature Received. Temp: 34.0c.
2023-06-01 00:40:02,168 - __main__ - INFO - Temperature optimal: 34.0c.
2023-06-01 00:41:01,559 - __main__ - INFO - Loading Telegram bot token and chat id...
2023-06-01 00:41:01,560 - __main__ - INFO - Telegram bot token and chat id loaded.
2023-06-01 00:41:01,560 - __main__ - INFO - Retrieving temperature...
2023-06-01 00:41:01,573 - __main__ - INFO - Temperature Received. Temp: 34.5c.
2023-06-01 00:41:01,573 - __main__ - INFO - Temperature optimal: 34.5c.
